 2.087000E-02    9.57492E-01  9.65990E-01  1.92083E-03  5.28725E+00
 2.576200E-02    9.47392E-01  9.48599E-01  1.88673E-03  5.28725E+00
 3.749800E-02    8.93639E-01  8.93928E-01  1.73540E-03  5.28725E+00
 4.923800E-02    8.16764E-01  8.23560E-01  1.66330E-03  5.28725E+00
 6.097700E-02    7.37483E-01  7.41361E-01  1.61652E-03  5.28725E+00
 7.271500E-02    6.54226E-01  6.51610E-01  1.56708E-03  5.28725E+00
 8.445300E-02    5.68519E-01  5.58671E-01  1.53068E-03  5.28725E+00
 9.619500E-02    4.76178E-01  4.66671E-01  1.48814E-03  5.28725E+00
 1.079300E-01    3.91392E-01  3.79330E-01  1.45027E-03  5.28725E+00
 1.196700E-01    3.17949E-01  2.99493E-01  1.42230E-03  5.28725E+00
 1.314000E-01    2.43049E-01  2.29325E-01  1.40029E-03  5.28725E+00
 1.431500E-01    1.83871E-01  1.69856E-01  1.38383E-03  5.28725E+00
 1.548800E-01    1.26525E-01  1.21626E-01  1.36501E-03  5.28725E+00
 1.666200E-01    8.94679E-02  8.41026E-02  1.34832E-03  5.28725E+00
 1.783500E-01    5.75565E-02  5.63762E-02  1.31416E-03  5.28725E+00
 1.901000E-01    3.42783E-02  3.70117E-02  1.23799E-03  5.28725E+00
 2.018200E-01    2.04627E-02  2.45025E-02  1.10336E-03  5.28725E+00
 2.135500E-01    1.22891E-02  1.71696E-02  9.65428E-04  5.28725E+00
 2.253000E-01    1.11662E-02  1.35023E-02  8.25959E-04  5.28725E+00
 2.370300E-01    1.05414E-02  1.21926E-02  7.82655E-04  5.28725E+00
 2.487500E-01    9.45255E-03  1.21759E-02  7.95280E-04  5.28725E+00
 2.605000E-01    9.59176E-03  1.26823E-02  8.22124E-04  5.28725E+00
 2.722200E-01    1.30586E-02  1.32055E-02  8.54041E-04  5.28725E+00
 2.839500E-01    1.17444E-02  1.34728E-02  8.77345E-04  5.28725E+00
 2.957000E-01    1.57595E-02  1.33882E-02  8.95752E-04  5.28725E+00
 3.074200E-01    1.10428E-02  1.29820E-02  9.00236E-04  5.28725E+00
 3.191500E-01    9.20808E-03  1.23557E-02  8.94041E-04  5.28725E+00
 3.308800E-01    9.98895E-03  1.16407E-02  8.77817E-04  5.28725E+00
 3.426000E-01    2.24474E-03  1.09653E-02  8.55516E-04  5.28725E+00
