 PEP-----------------------------------
 average distances
 0.00   1.23   1.33   2.00
 0.00   0.00   2.25   3.12
 0.00   0.00   0.00   0.98
 0.00   0.00   0.00   0.00
 rms distances
 0.00   0.00   0.00   0.01
 0.00   0.00   0.00   0.00
 0.00   0.00   0.00   0.00
 0.00   0.00   0.00   0.00
 PEP-----------------------------------
 average distances
 0.00   1.23   1.35
 0.00   0.00   2.25
 0.00   0.00   0.00
 rms distances
 0.00   0.00   0.00
 0.00   0.00   0.00
 0.00   0.00   0.00
 NTE-----------------------------------
 average distances
 0.00   1.04   1.04   1.04
 0.00   0.00   1.72   1.71
 0.00   0.00   0.00   1.72
 0.00   0.00   0.00   0.00
 rms distances
 0.00   0.00   0.00   0.00
 0.00   0.00   0.00   0.00
 0.00   0.00   0.00   0.00
 0.00   0.00   0.00   0.00
 CTE-----------------------------------
 average distances
 0.00   0.00   0.00
 0.00   0.00   0.00
 0.00   0.00   0.00
 rms distances
 0.00   0.00   0.00
 0.00   0.00   0.00
 0.00   0.00   0.00
 ALA-----------------------------------
 average distances
 0.00   1.08   1.52   2.14   2.14   2.14
 0.00   0.00   2.12   2.61   2.64   2.65
 0.00   0.00   0.00   1.08   1.08   1.08
 0.00   0.00   0.00   0.00   1.76   1.76
 0.00   0.00   0.00   0.00   0.00   1.76
 0.00   0.00   0.00   0.00   0.00   0.00
 rms distances
 0.00   0.00   0.00   0.00   0.00   0.00
 0.00   0.00   0.00   0.27   0.30   0.26
 0.00   0.00   0.00   0.00   0.00   0.00
 0.00   0.00   0.00   0.00   0.00   0.00
 0.00   0.00   0.00   0.00   0.00   0.00
 0.00   0.00   0.00   0.00   0.00   0.00
 ARG-----------------------------------
 average distances
 0.00   1.08   1.53   2.14   2.14   2.55   2.96   2.86
 0.00   0.00   2.14   2.72   2.78   2.76   3.09   2.87
 0.00   0.00   0.00   1.08   1.08   1.52   2.13   2.13
 0.00   0.00   0.00   0.00   1.76   2.12   2.79   2.59
 0.00   0.00   0.00   0.00   0.00   2.12   2.50   2.79
 0.00   0.00   0.00   0.00   0.00   0.00   1.08   1.08
 0.00   0.00   0.00   0.00   0.00   0.00   0.00   1.76
 0.00   0.00   0.00   0.00   0.00   0.00   0.00   0.00
 rms distances
 0.00   0.00   0.00   0.00   0.00   0.00   0.33   0.34
 0.00   0.00   0.00   0.25   0.22   0.28   0.55   0.61
 0.00   0.00   0.00   0.00   0.00   0.00   0.00   0.00
 0.00   0.00   0.00   0.00   0.00   0.00   0.19   0.28
 0.00   0.00   0.00   0.00   0.00   0.00   0.29   0.19
 0.00   0.00   0.00   0.00   0.00   0.00   0.00   0.00
 0.00   0.00   0.00   0.00   0.00   0.00   0.00   0.00
 0.00   0.00   0.00   0.00   0.00   0.00   0.00   0.00
 ARG-----------------------------------
 average distances
 0.00   1.08   1.08   1.46   2.10   2.47   2.83   3.67   2.48   3.83   3.97   4.49
 0.00   0.00   1.76   2.08   2.70   2.87   3.00   4.08   2.50   3.95   4.43   4.82
 0.00   0.00   0.00   2.08   2.64   2.93   3.13   4.12   2.66   4.09   4.43   4.89
 0.00   0.00   0.00   0.00   0.98   1.33   2.31   2.30   2.53   3.22   2.51   3.21
 0.00   0.00   0.00   0.00   0.00   2.00   3.19   2.48   3.50   4.01   2.27   3.47
 0.00   0.00   0.00   0.00   0.00   0.00   1.33   1.33   2.02   2.02   2.02   2.02
 0.00   0.00   0.00   0.00   0.00   0.00   0.00   2.29   1.00   1.00   3.20   2.50
 0.00   0.00   0.00   0.00   0.00   0.00   0.00   0.00   3.20   2.50   1.00   1.00
 0.00   0.00   0.00   0.00   0.00   0.00   0.00   0.00   0.00   1.73   4.03   3.49
 0.00   0.00   0.00   0.00   0.00   0.00   0.00   0.00   0.00   0.00   3.49   2.28
 0.00   0.00   0.00   0.00   0.00   0.00   0.00   0.00   0.00   0.00   0.00   1.73
 0.00   0.00   0.00   0.00   0.00   0.00   0.00   0.00   0.00   0.00   0.00   0.00
 rms distances
 0.00   0.00   0.00   0.00   0.00   0.00   0.00   0.00   0.01   0.01   0.00   0.00
 0.00   0.00   0.00   0.00   0.23   0.25   0.49   0.17   0.59   0.51   0.02   0.25
 0.00   0.00   0.00   0.00   0.25   0.27   0.53   0.18   0.63   0.55   0.02   0.28
 0.00   0.00   0.00   0.00   0.00   0.00   0.00   0.00   0.00   0.00   0.00   0.00
 0.00   0.00   0.00   0.00   0.00   0.00   0.00   0.00   0.00   0.00   0.00   0.00
 0.00   0.00   0.00   0.00   0.00   0.00   0.00   0.00   0.00   0.00   0.00   0.00
 0.00   0.00   0.00   0.00   0.00   0.00   0.00   0.00   0.00   0.00   0.00   0.00
 0.00   0.00   0.00   0.00   0.00   0.00   0.00   0.00   0.00   0.00   0.00   0.00
 0.00   0.00   0.00   0.00   0.00   0.00   0.00   0.00   0.00   0.00   0.00   0.00
 0.00   0.00   0.00   0.00   0.00   0.00   0.00   0.00   0.00   0.00   0.00   0.00
 0.00   0.00   0.00   0.00   0.00   0.00   0.00   0.00   0.00   0.00   0.00   0.00
 0.00   0.00   0.00   0.00   0.00   0.00   0.00   0.00   0.00   0.00   0.00   0.00
 ASP-----------------------------------
 average distances
 0.00   1.08   1.53   2.14   2.14
 0.00   0.00   2.14   2.74   2.76
 0.00   0.00   0.00   1.08   1.08
 0.00   0.00   0.00   0.00   1.76
 0.00   0.00   0.00   0.00   0.00
 rms distances
 0.00   0.00   0.00   0.00   0.00
 0.00   0.00   0.00   0.25   0.21
 0.00   0.00   0.00   0.00   0.00
 0.00   0.00   0.00   0.00   0.00
 0.00   0.00   0.00   0.00   0.00
 ASP-----------------------------------
 average distances
 0.00   1.25   1.25
 0.00   0.00   2.20
 0.00   0.00   0.00
 rms distances
 0.00   0.00   0.00
 0.00   0.00   0.00
 0.00   0.00   0.00
 ASN-----------------------------------
 average distances
 0.00   1.08   1.53   2.14   2.14
 0.00   0.00   2.14   2.71   2.78
 0.00   0.00   0.00   1.08   1.08
 0.00   0.00   0.00   0.00   1.76
 0.00   0.00   0.00   0.00   0.00
 rms distances
 0.00   0.00   0.00   0.00   0.00
 0.00   0.00   0.00   0.24   0.24
 0.00   0.00   0.00   0.00   0.00
 0.00   0.00   0.00   0.00   0.00
 0.00   0.00   0.00   0.00   0.00
 ASN-----------------------------------
 average distances
 0.00   1.23   1.33   1.99   1.99
 0.00   0.00   2.25   3.10   2.46
 0.00   0.00   0.00   0.98   0.98
 0.00   0.00   0.00   0.00   1.73
 0.00   0.00   0.00   0.00   0.00
 rms distances
 0.00   0.00   0.00   0.00   0.00
 0.00   0.00   0.00   0.00   0.00
 0.00   0.00   0.00   0.00   0.00
 0.00   0.00   0.00   0.00   0.00
 0.00   0.00   0.00   0.00   0.00
 CYS-----------------------------------
 average distances
 0.00   1.08   1.53   2.14   2.14   2.81
 0.00   0.00   2.14   2.72   2.74   3.02
 0.00   0.00   0.00   1.08   1.08   1.81
 0.00   0.00   0.00   0.00   1.76   2.37
 0.00   0.00   0.00   0.00   0.00   2.37
 0.00   0.00   0.00   0.00   0.00   0.00
 rms distances
 0.00   0.00   0.00   0.00   0.00   0.00
 0.00   0.00   0.00   0.25   0.24   0.33
 0.00   0.00   0.00   0.00   0.00   0.00
 0.00   0.00   0.00   0.00   0.00   0.00
 0.00   0.00   0.00   0.00   0.00   0.00
 0.00   0.00   0.00   0.00   0.00   0.00
 GLU-----------------------------------
 average distances
 0.00   1.08   1.53   2.14   2.14   2.55   3.00   2.94
 0.00   0.00   2.14   2.77   2.74   2.75   3.10   3.03
 0.00   0.00   0.00   1.08   1.08   1.52   2.13   2.13
 0.00   0.00   0.00   0.00   1.76   2.12   2.68   2.62
 0.00   0.00   0.00   0.00   0.00   2.12   2.57   2.69
 0.00   0.00   0.00   0.00   0.00   0.00   1.08   1.08
 0.00   0.00   0.00   0.00   0.00   0.00   0.00   1.76
 0.00   0.00   0.00   0.00   0.00   0.00   0.00   0.00
 rms distances
 0.00   0.00   0.00   0.00   0.00   0.00   0.37   0.37
 0.00   0.00   0.00   0.24   0.22   0.27   0.58   0.62
 0.00   0.00   0.00   0.00   0.00   0.00   0.00   0.00
 0.00   0.00   0.00   0.00   0.00   0.00   0.20   0.31
 0.00   0.00   0.00   0.00   0.00   0.00   0.31   0.20
 0.00   0.00   0.00   0.00   0.00   0.00   0.00   0.00
 0.00   0.00   0.00   0.00   0.00   0.00   0.00   0.00
 0.00   0.00   0.00   0.00   0.00   0.00   0.00   0.00
 GLU-----------------------------------
 average distances
 0.00   1.25   1.25
 0.00   0.00   2.20
 0.00   0.00   0.00
 rms distances
 0.00   0.00   0.00
 0.00   0.00   0.00
 0.00   0.00   0.00
 GLN-----------------------------------
 average distances
 0.00   1.08   1.53   2.14   2.14   2.55   2.93   2.96
 0.00   0.00   2.14   2.78   2.72   2.76   3.00   3.05
 0.00   0.00   0.00   1.08   1.08   1.52   2.13   2.13
 0.00   0.00   0.00   0.00   1.76   2.12   2.73   2.56
 0.00   0.00   0.00   0.00   0.00   2.12   2.58   2.73
 0.00   0.00   0.00   0.00   0.00   0.00   1.08   1.08
 0.00   0.00   0.00   0.00   0.00   0.00   0.00   1.76
 0.00   0.00   0.00   0.00   0.00   0.00   0.00   0.00
 rms distances
 0.00   0.00   0.00   0.00   0.00   0.01   0.37   0.35
 0.00   0.00   0.00   0.22   0.23   0.28   0.63   0.60
 0.00   0.00   0.00   0.00   0.00   0.00   0.00   0.00
 0.00   0.00   0.00   0.00   0.00   0.00   0.20   0.31
 0.00   0.00   0.00   0.00   0.00   0.00   0.30   0.20
 0.00   0.00   0.00   0.00   0.00   0.00   0.00   0.00
 0.00   0.00   0.00   0.00   0.00   0.00   0.00   0.00
 0.00   0.00   0.00   0.00   0.00   0.00   0.00   0.00
 GLN-----------------------------------
 average distances
 0.00   1.23   1.33   1.99   1.99
 0.00   0.00   2.25   3.10   2.46
 0.00   0.00   0.00   0.98   0.98
 0.00   0.00   0.00   0.00   1.73
 0.00   0.00   0.00   0.00   0.00
 rms distances
 0.00   0.00   0.00   0.00   0.00
 0.00   0.00   0.00   0.00   0.00
 0.00   0.00   0.00   0.00   0.00
 0.00   0.00   0.00   0.00   0.00
 0.00   0.00   0.00   0.00   0.00
 GLY-----------------------------------
 average distances
 0.00   1.08   1.08
 0.00   0.00   1.76
 0.00   0.00   0.00
 rms distances
 0.00   0.00   0.00
 0.00   0.00   0.00
 0.00   0.00   0.00
 HIS-----------------------------------
 average distances
 0.00   1.08   1.53   2.14   2.14
 0.00   0.00   2.14   2.67   2.83
 0.00   0.00   0.00   1.08   1.08
 0.00   0.00   0.00   0.00   1.76
 0.00   0.00   0.00   0.00   0.00
 rms distances
 0.00   0.00   0.00   0.00   0.00
 0.00   0.00   0.00   0.21   0.23
 0.00   0.00   0.00   0.00   0.00
 0.00   0.00   0.00   0.00   0.00
 0.00   0.00   0.00   0.00   0.00
 HIS-----------------------------------
 average distances
 0.00   1.38   1.35   2.18   2.20   3.25   2.20
 0.00   0.00   2.18   3.24   1.32   2.14   2.14
 0.00   0.00   0.00   1.08   2.19   3.24   1.37
 0.00   0.00   0.00   0.00   3.23   4.24   2.19
 0.00   0.00   0.00   0.00   0.00   1.08   1.32
 0.00   0.00   0.00   0.00   0.00   0.00   2.14
 0.00   0.00   0.00   0.00   0.00   0.00   0.00
 rms distances
 0.00   0.00   0.00   0.00   0.00   0.00   0.00
 0.00   0.00   0.00   0.00   0.00   0.00   0.00
 0.00   0.00   0.00   0.00   0.00   0.00   0.00
 0.00   0.00   0.00   0.00   0.00   0.00   0.00
 0.00   0.00   0.00   0.00   0.00   0.00   0.00
 0.00   0.00   0.00   0.00   0.00   0.00   0.00
 0.00   0.00   0.00   0.00   0.00   0.00   0.00
 ILE-----------------------------------
 average distances
 0.00   1.08   1.54   2.14   2.52   2.99   3.01   2.94
 0.00   0.00   2.14   2.76   2.88   3.27   3.32   3.21
 0.00   0.00   0.00   1.08   1.52   2.14   2.14   2.14
 0.00   0.00   0.00   0.00   2.12   2.59   2.64   2.66
 0.00   0.00   0.00   0.00   0.00   1.08   1.08   1.08
 0.00   0.00   0.00   0.00   0.00   0.00   1.76   1.76
 0.00   0.00   0.00   0.00   0.00   0.00   0.00   1.76
 0.00   0.00   0.00   0.00   0.00   0.00   0.00   0.00
 rms distances
 0.00   0.00   0.00   0.00   0.01   0.32   0.36   0.34
 0.00   0.00   0.00   0.27   0.35   0.56   0.61   0.63
 0.00   0.00   0.00   0.00   0.00   0.00   0.00   0.00
 0.00   0.00   0.00   0.00   0.00   0.28   0.26   0.29
 0.00   0.00   0.00   0.00   0.00   0.00   0.00   0.00
 0.00   0.00   0.00   0.00   0.00   0.00   0.00   0.00
 0.00   0.00   0.00   0.00   0.00   0.00   0.00   0.00
 0.00   0.00   0.00   0.00   0.00   0.00   0.00   0.00
 ILE-----------------------------------
 average distances
 0.00   1.08   1.08   1.51   2.13   2.13   2.13
 0.00   0.00   1.76   2.11   2.57   2.56   2.73
 0.00   0.00   0.00   2.11   2.73   2.57   2.57
 0.00   0.00   0.00   0.00   1.08   1.08   1.08
 0.00   0.00   0.00   0.00   0.00   1.76   1.76
 0.00   0.00   0.00   0.00   0.00   0.00   1.76
 0.00   0.00   0.00   0.00   0.00   0.00   0.00
 rms distances
 0.00   0.00   0.00   0.00   0.00   0.00   0.00
 0.00   0.00   0.00   0.00   0.27   0.27   0.28
 0.00   0.00   0.00   0.00   0.28   0.27   0.27
 0.00   0.00   0.00   0.00   0.00   0.00   0.00
 0.00   0.00   0.00   0.00   0.00   0.00   0.00
 0.00   0.00   0.00   0.00   0.00   0.00   0.00
 0.00   0.00   0.00   0.00   0.00   0.00   0.00
 LEU-----------------------------------
 average distances
 0.00   1.08   1.53   2.13   2.13
 0.00   0.00   2.14   2.73   2.79
 0.00   0.00   0.00   1.08   1.08
 0.00   0.00   0.00   0.00   1.75
 0.00   0.00   0.00   0.00   0.00
 rms distances
 0.00   0.00   0.00   0.00   0.00
 0.00   0.00   0.00   0.25   0.23
 0.00   0.00   0.00   0.00   0.00
 0.00   0.00   0.00   0.00   0.00
 0.00   0.00   0.00   0.00   0.00
 LEU-----------------------------------
 average distances
 0.00   1.08   1.52   2.14   2.14   2.14   1.52   2.14   2.14   2.14
 0.00   0.00   2.12   2.58   2.68   2.63   2.12   2.66   2.63   2.60
 0.00   0.00   0.00   1.08   1.08   1.08   2.50   2.97   2.93   3.00
 0.00   0.00   0.00   0.00   1.76   1.76   2.96   3.36   3.36   3.36
 0.00   0.00   0.00   0.00   0.00   1.76   2.90   3.32   3.23   3.34
 0.00   0.00   0.00   0.00   0.00   0.00   3.03   3.42   3.37   3.52
 0.00   0.00   0.00   0.00   0.00   0.00   0.00   1.08   1.08   1.08
 0.00   0.00   0.00   0.00   0.00   0.00   0.00   0.00   1.76   1.76
 0.00   0.00   0.00   0.00   0.00   0.00   0.00   0.00   0.00   1.76
 0.00   0.00   0.00   0.00   0.00   0.00   0.00   0.00   0.00   0.00
 rms distances
 0.00   0.00   0.00   0.00   0.00   0.00   0.00   0.00   0.00   0.00
 0.00   0.00   0.00   0.27   0.26   0.29   0.00   0.28   0.29   0.26
 0.00   0.00   0.00   0.00   0.00   0.00   0.00   0.36   0.32   0.34
 0.00   0.00   0.00   0.00   0.00   0.00   0.36   0.63   0.58   0.57
 0.00   0.00   0.00   0.00   0.00   0.00   0.34   0.51   0.63   0.61
 0.00   0.00   0.00   0.00   0.00   0.00   0.32   0.62   0.51   0.50
 0.00   0.00   0.00   0.00   0.00   0.00   0.00   0.00   0.00   0.00
 0.00   0.00   0.00   0.00   0.00   0.00   0.00   0.00   0.00   0.00
 0.00   0.00   0.00   0.00   0.00   0.00   0.00   0.00   0.00   0.00
 0.00   0.00   0.00   0.00   0.00   0.00   0.00   0.00   0.00   0.00
 LYS-----------------------------------
 average distances
 0.00   1.08   1.53   2.14   2.14   2.55   2.96   2.81
 0.00   0.00   2.14   2.75   2.72   2.80   3.08   2.94
 0.00   0.00   0.00   1.08   1.08   1.52   2.13   2.13
 0.00   0.00   0.00   0.00   1.76   2.12   2.83   2.59
 0.00   0.00   0.00   0.00   0.00   2.12   2.46   2.83
 0.00   0.00   0.00   0.00   0.00   0.00   1.08   1.08
 0.00   0.00   0.00   0.00   0.00   0.00   0.00   1.76
 0.00   0.00   0.00   0.00   0.00   0.00   0.00   0.00
 rms distances
 0.00   0.00   0.00   0.00   0.00   0.00   0.33   0.28
 0.00   0.00   0.00   0.26   0.22   0.30   0.57   0.53
 0.00   0.00   0.00   0.00   0.00   0.00   0.00   0.00
 0.00   0.00   0.00   0.00   0.00   0.00   0.19   0.27
 0.00   0.00   0.00   0.00   0.00   0.00   0.24   0.19
 0.00   0.00   0.00   0.00   0.00   0.00   0.00   0.00
 0.00   0.00   0.00   0.00   0.00   0.00   0.00   0.00
 0.00   0.00   0.00   0.00   0.00   0.00   0.00   0.00
 LYS-----------------------------------
 average distances
 0.00   1.08   1.08   1.52   2.13   2.13   2.49   2.94   2.98   2.91
 0.00   0.00   1.76   2.13   2.82   2.52   2.86   3.27   3.28   3.17
 0.00   0.00   0.00   2.13   2.56   2.82   2.82   3.16   3.25   3.16
 0.00   0.00   0.00   0.00   1.08   1.08   1.49   2.09   2.09   2.09
 0.00   0.00   0.00   0.00   0.00   1.76   2.11   2.57   2.60   2.63
 0.00   0.00   0.00   0.00   0.00   0.00   2.10   2.63   2.57   2.59
 0.00   0.00   0.00   0.00   0.00   0.00   0.00   1.04   1.04   1.04
 0.00   0.00   0.00   0.00   0.00   0.00   0.00   0.00   1.69   1.69
 0.00   0.00   0.00   0.00   0.00   0.00   0.00   0.00   0.00   1.69
 0.00   0.00   0.00   0.00   0.00   0.00   0.00   0.00   0.00   0.00
 rms distances
 0.00   0.00   0.00   0.00   0.00   0.00   0.00   0.31   0.36   0.30
 0.00   0.00   0.00   0.00   0.21   0.25   0.32   0.49   0.63   0.56
 0.00   0.00   0.00   0.00   0.27   0.21   0.30   0.59   0.58   0.50
 0.00   0.00   0.00   0.00   0.00   0.00   0.00   0.00   0.00   0.00
 0.00   0.00   0.00   0.00   0.00   0.00   0.00   0.24   0.25   0.30
 0.00   0.00   0.00   0.00   0.00   0.00   0.00   0.30   0.24   0.25
 0.00   0.00   0.00   0.00   0.00   0.00   0.00   0.00   0.00   0.00
 0.00   0.00   0.00   0.00   0.00   0.00   0.00   0.00   0.00   0.00
 0.00   0.00   0.00   0.00   0.00   0.00   0.00   0.00   0.00   0.00
 0.00   0.00   0.00   0.00   0.00   0.00   0.00   0.00   0.00   0.00
 MET-----------------------------------
 average distances
 0.00   1.08   1.53   2.14   2.14   2.55   2.90   2.97
 0.00   0.00   2.14   2.73   2.73   2.80   3.01   3.18
 0.00   0.00   0.00   1.08   1.08   1.52   2.13   2.13
 0.00   0.00   0.00   0.00   1.76   2.12   2.75   2.53
 0.00   0.00   0.00   0.00   0.00   2.12   2.59   2.75
 0.00   0.00   0.00   0.00   0.00   0.00   1.08   1.08
 0.00   0.00   0.00   0.00   0.00   0.00   0.00   1.76
 0.00   0.00   0.00   0.00   0.00   0.00   0.00   0.00
 rms distances
 0.00   0.00   0.00   0.00   0.00   0.00   0.36   0.36
 0.00   0.00   0.00   0.25   0.23   0.31   0.64   0.56
 0.00   0.00   0.00   0.00   0.00   0.00   0.00   0.00
 0.00   0.00   0.00   0.00   0.00   0.00   0.19   0.30
 0.00   0.00   0.00   0.00   0.00   0.00   0.30   0.18
 0.00   0.00   0.00   0.00   0.00   0.00   0.00   0.00
 0.00   0.00   0.00   0.00   0.00   0.00   0.00   0.00
 0.00   0.00   0.00   0.00   0.00   0.00   0.00   0.00
 MET-----------------------------------
 average distances
 0.00   1.79   2.38   2.38   2.38
 0.00   0.00   1.08   1.08   1.08
 0.00   0.00   0.00   1.76   1.76
 0.00   0.00   0.00   0.00   1.76
 0.00   0.00   0.00   0.00   0.00
 rms distances
 0.00   0.00   0.00   0.00   0.00
 0.00   0.00   0.00   0.00   0.00
 0.00   0.00   0.00   0.00   0.00
 0.00   0.00   0.00   0.00   0.00
 0.00   0.00   0.00   0.00   0.00
 PHE-----------------------------------
 average distances
 0.00   1.08   1.53   2.14   2.14
 0.00   0.00   2.14   2.75   2.76
 0.00   0.00   0.00   1.08   1.08
 0.00   0.00   0.00   0.00   1.76
 0.00   0.00   0.00   0.00   0.00
 rms distances
 0.00   0.00   0.00   0.00   0.00
 0.00   0.00   0.00   0.23   0.24
 0.00   0.00   0.00   0.00   0.00
 0.00   0.00   0.00   0.00   0.00
 0.00   0.00   0.00   0.00   0.00
 PHE-----------------------------------
 average distances
 0.00   1.39   2.13   1.39   2.13   2.41   3.38   2.41   3.38   2.78   3.86
 0.00   0.00   1.08   2.39   3.36   1.38   2.14   2.76   3.84   2.39   3.37
 0.00   0.00   0.00   3.36   4.26   2.14   2.46   3.84   4.92   3.37   4.26
 0.00   0.00   0.00   0.00   1.08   2.76   3.84   1.38   2.14   2.39   3.37
 0.00   0.00   0.00   0.00   0.00   3.84   4.92   2.14   2.46   3.37   4.26
 0.00   0.00   0.00   0.00   0.00   0.00   1.08   2.39   3.37   1.38   2.14
 0.00   0.00   0.00   0.00   0.00   0.00   0.00   3.37   4.26   2.14   2.46
 0.00   0.00   0.00   0.00   0.00   0.00   0.00   0.00   1.08   1.38   2.14
 0.00   0.00   0.00   0.00   0.00   0.00   0.00   0.00   0.00   2.14   2.46
 0.00   0.00   0.00   0.00   0.00   0.00   0.00   0.00   0.00   0.00   1.08
 0.00   0.00   0.00   0.00   0.00   0.00   0.00   0.00   0.00   0.00   0.00
 rms distances
 0.00   0.00   0.00   0.00   0.00   0.00   0.00   0.00   0.00   0.00   0.00
 0.00   0.00   0.00   0.00   0.00   0.00   0.00   0.00   0.00   0.00   0.00
 0.00   0.00   0.00   0.00   0.00   0.00   0.00   0.00   0.00   0.00   0.00
 0.00   0.00   0.00   0.00   0.00   0.00   0.00   0.00   0.00   0.00   0.00
 0.00   0.00   0.00   0.00   0.00   0.00   0.00   0.00   0.00   0.00   0.00
 0.00   0.00   0.00   0.00   0.00   0.00   0.00   0.00   0.00   0.00   0.00
 0.00   0.00   0.00   0.00   0.00   0.00   0.00   0.00   0.00   0.00   0.00
 0.00   0.00   0.00   0.00   0.00   0.00   0.00   0.00   0.00   0.00   0.00
 0.00   0.00   0.00   0.00   0.00   0.00   0.00   0.00   0.00   0.00   0.00
 0.00   0.00   0.00   0.00   0.00   0.00   0.00   0.00   0.00   0.00   0.00
 0.00   0.00   0.00   0.00   0.00   0.00   0.00   0.00   0.00   0.00   0.00
 PRO-----------------------------------
 average distances
 0.00   1.08   1.53   2.15   2.15   2.39   3.09   3.06   2.44   3.16   3.14
 0.00   0.00   2.15   2.30   2.83   3.11   3.56   3.89   3.18   3.66   4.01
 0.00   0.00   0.00   1.08   1.08   1.49   2.12   2.12   2.39   3.09   3.09
 0.00   0.00   0.00   0.00   1.77   2.13   2.32   2.84   3.07   3.49   3.89
 0.00   0.00   0.00   0.00   0.00   2.14   2.82   2.32   3.10   3.91   3.55
 0.00   0.00   0.00   0.00   0.00   0.00   1.08   1.08   1.50   2.14   2.14
 0.00   0.00   0.00   0.00   0.00   0.00   0.00   1.77   2.13   2.30   2.84
 0.00   0.00   0.00   0.00   0.00   0.00   0.00   0.00   2.13   2.85   2.30
 0.00   0.00   0.00   0.00   0.00   0.00   0.00   0.00   0.00   1.08   1.08
 0.00   0.00   0.00   0.00   0.00   0.00   0.00   0.00   0.00   0.00   1.77
 0.00   0.00   0.00   0.00   0.00   0.00   0.00   0.00   0.00   0.00   0.00
 rms distances
 0.00   0.00   0.00   0.00   0.00   0.01   0.23   0.23   0.01   0.09   0.09
 0.00   0.00   0.00   0.02   0.14   0.18   0.52   0.04   0.08   0.14   0.08
 0.00   0.00   0.00   0.00   0.00   0.00   0.00   0.00   0.01   0.18   0.19
 0.00   0.00   0.00   0.00   0.00   0.00   0.01   0.16   0.22   0.51   0.02
 0.00   0.00   0.00   0.00   0.00   0.00   0.16   0.01   0.22   0.05   0.52
 0.00   0.00   0.00   0.00   0.00   0.00   0.00   0.00   0.00   0.00   0.00
 0.00   0.00   0.00   0.00   0.00   0.00   0.00   0.00   0.00   0.02   0.13
 0.00   0.00   0.00   0.00   0.00   0.00   0.00   0.00   0.00   0.14   0.02
 0.00   0.00   0.00   0.00   0.00   0.00   0.00   0.00   0.00   0.00   0.00
 0.00   0.00   0.00   0.00   0.00   0.00   0.00   0.00   0.00   0.00   0.00
 0.00   0.00   0.00   0.00   0.00   0.00   0.00   0.00   0.00   0.00   0.00
 SER-----------------------------------
 average distances
 0.00   1.08   1.53   2.15   2.15   2.43   2.96
 0.00   0.00   2.14   2.64   2.72   2.83   3.27
 0.00   0.00   0.00   1.08   1.08   1.42   1.96
 0.00   0.00   0.00   0.00   1.76   2.04   2.43
 0.00   0.00   0.00   0.00   0.00   2.04   2.41
 0.00   0.00   0.00   0.00   0.00   0.00   0.96
 0.00   0.00   0.00   0.00   0.00   0.00   0.00
 rms distances
 0.00   0.00   0.00   0.00   0.00   0.00   0.26
 0.00   0.00   0.00   0.26   0.26   0.34   0.54
 0.00   0.00   0.00   0.00   0.00   0.00   0.00
 0.00   0.00   0.00   0.00   0.00   0.00   0.29
 0.00   0.00   0.00   0.00   0.00   0.00   0.26
 0.00   0.00   0.00   0.00   0.00   0.00   0.00
 0.00   0.00   0.00   0.00   0.00   0.00   0.00
 THR-----------------------------------
 average distances
 0.00   1.08   1.53   2.14   2.43   2.96   2.54   2.84   3.11   3.07
 0.00   0.00   2.14   2.73   2.94   3.50   2.85   3.04   3.37   3.30
 0.00   0.00   0.00   1.08   1.42   1.96   1.51   2.13   2.13   2.13
 0.00   0.00   0.00   0.00   2.03   2.28   2.11   2.68   2.48   2.71
 0.00   0.00   0.00   0.00   0.00   0.96   2.37   2.95   2.90   2.67
 0.00   0.00   0.00   0.00   0.00   0.00   2.84   3.43   3.31   3.05
 0.00   0.00   0.00   0.00   0.00   0.00   0.00   1.08   1.08   1.08
 0.00   0.00   0.00   0.00   0.00   0.00   0.00   0.00   1.76   1.76
 0.00   0.00   0.00   0.00   0.00   0.00   0.00   0.00   0.00   1.76
 0.00   0.00   0.00   0.00   0.00   0.00   0.00   0.00   0.00   0.00
 rms distances
 0.00   0.00   0.00   0.00   0.00   0.25   0.00   0.33   0.27   0.35
 0.00   0.00   0.00   0.28   0.26   0.40   0.33   0.62   0.47   0.63
 0.00   0.00   0.00   0.00   0.00   0.00   0.00   0.00   0.00   0.00
 0.00   0.00   0.00   0.00   0.00   0.27   0.00   0.29   0.28   0.22
 0.00   0.00   0.00   0.00   0.00   0.00   0.00   0.27   0.35   0.34
 0.00   0.00   0.00   0.00   0.00   0.00   0.26   0.46   0.41   0.55
 0.00   0.00   0.00   0.00   0.00   0.00   0.00   0.00   0.00   0.00
 0.00   0.00   0.00   0.00   0.00   0.00   0.00   0.00   0.00   0.00
 0.00   0.00   0.00   0.00   0.00   0.00   0.00   0.00   0.00   0.00
 0.00   0.00   0.00   0.00   0.00   0.00   0.00   0.00   0.00   0.00
 TRP-----------------------------------
 average distances
 0.00   1.08   1.53   2.14   2.14
 0.00   0.00   2.14   2.70   2.86
 0.00   0.00   0.00   1.08   1.08
 0.00   0.00   0.00   0.00   1.76
 0.00   0.00   0.00   0.00   0.00
 rms distances
 0.00   0.00   0.00   0.00   0.00
 0.00   0.00   0.00   0.18   0.19
 0.00   0.00   0.00   0.00   0.00
 0.00   0.00   0.00   0.00   0.00
 0.00   0.00   0.00   0.00   0.00
 TRP-----------------------------------
 average distances
 0.00   1.37   2.17   1.43   2.24   3.18   2.29   2.60   2.95   3.62   4.45   3.79   4.72   4.18   5.26
 0.00   0.00   1.08   2.24   1.37   2.10   2.23   3.62   4.19   3.60   4.15   4.56   5.59   4.55   5.57
 0.00   0.00   0.00   3.28   2.19   2.57   3.27   4.64   5.11   4.60   5.04   5.63   6.65   5.61   6.62
 0.00   0.00   0.00   0.00   2.24   3.19   1.41   1.40   2.16   2.45   3.44   2.39   3.38   2.78   3.86
 0.00   0.00   0.00   0.00   0.00   0.98   1.37   3.55   4.40   2.51   2.85   4.09   5.17   3.68   4.61
 0.00   0.00   0.00   0.00   0.00   0.00   2.10   4.45   5.35   2.85   2.82   4.82   5.90   4.18   4.97
 0.00   0.00   0.00   0.00   0.00   0.00   0.00   2.41   3.41   1.39   2.17   2.74   3.82   2.36   3.35
 0.00   0.00   0.00   0.00   0.00   0.00   0.00   0.00   1.08   2.83   3.91   1.38   2.14   2.42   3.39
 0.00   0.00   0.00   0.00   0.00   0.00   0.00   0.00   0.00   3.91   4.99   2.14   2.46   3.40   4.27
 0.00   0.00   0.00   0.00   0.00   0.00   0.00   0.00   0.00   0.00   1.08   2.41   3.38   1.37   2.13
 0.00   0.00   0.00   0.00   0.00   0.00   0.00   0.00   0.00   0.00   0.00   3.39   4.27   2.13   2.46
 0.00   0.00   0.00   0.00   0.00   0.00   0.00   0.00   0.00   0.00   0.00   0.00   1.08   1.40   2.14
 0.00   0.00   0.00   0.00   0.00   0.00   0.00   0.00   0.00   0.00   0.00   0.00   0.00   2.14   2.44
 0.00   0.00   0.00   0.00   0.00   0.00   0.00   0.00   0.00   0.00   0.00   0.00   0.00   0.00   1.08
 0.00   0.00   0.00   0.00   0.00   0.00   0.00   0.00   0.00   0.00   0.00   0.00   0.00   0.00   0.00
 rms distances
 0.00   0.00   0.00   0.00   0.00   0.00   0.00   0.00   0.00   0.00   0.00   0.00   0.00   0.00   0.00
 0.00   0.00   0.00   0.00   0.00   0.00   0.00   0.00   0.00   0.00   0.00   0.00   0.00   0.00   0.00
 0.00   0.00   0.00   0.00   0.00   0.00   0.00   0.00   0.00   0.00   0.00   0.00   0.00   0.00   0.00
 0.00   0.00   0.00   0.00   0.00   0.00   0.00   0.00   0.00   0.00   0.00   0.00   0.00   0.00   0.00
 0.00   0.00   0.00   0.00   0.00   0.00   0.00   0.00   0.00   0.00   0.00   0.00   0.00   0.00   0.00
 0.00   0.00   0.00   0.00   0.00   0.00   0.00   0.00   0.00   0.00   0.00   0.00   0.00   0.00   0.00
 0.00   0.00   0.00   0.00   0.00   0.00   0.00   0.00   0.00   0.00   0.00   0.00   0.00   0.00   0.00
 0.00   0.00   0.00   0.00   0.00   0.00   0.00   0.00   0.00   0.00   0.00   0.00   0.00   0.00   0.00
 0.00   0.00   0.00   0.00   0.00   0.00   0.00   0.00   0.00   0.00   0.00   0.00   0.00   0.00   0.00
 0.00   0.00   0.00   0.00   0.00   0.00   0.00   0.00   0.00   0.00   0.00   0.00   0.00   0.00   0.00
 0.00   0.00   0.00   0.00   0.00   0.00   0.00   0.00   0.00   0.00   0.00   0.00   0.00   0.00   0.00
 0.00   0.00   0.00   0.00   0.00   0.00   0.00   0.00   0.00   0.00   0.00   0.00   0.00   0.00   0.00
 0.00   0.00   0.00   0.00   0.00   0.00   0.00   0.00   0.00   0.00   0.00   0.00   0.00   0.00   0.00
 0.00   0.00   0.00   0.00   0.00   0.00   0.00   0.00   0.00   0.00   0.00   0.00   0.00   0.00   0.00
 0.00   0.00   0.00   0.00   0.00   0.00   0.00   0.00   0.00   0.00   0.00   0.00   0.00   0.00   0.00
 TYR-----------------------------------
 average distances
 0.00   1.08   1.53   2.14   2.14
 0.00   0.00   2.14   2.83   2.66
 0.00   0.00   0.00   1.08   1.08
 0.00   0.00   0.00   0.00   1.76
 0.00   0.00   0.00   0.00   0.00
 rms distances
 0.00   0.00   0.00   0.00   0.00
 0.00   0.00   0.00   0.24   0.23
 0.00   0.00   0.00   0.00   0.00
 0.00   0.00   0.00   0.00   0.00
 0.00   0.00   0.00   0.00   0.00
 TYR-----------------------------------
 average distances
 0.00   1.39   2.13   1.39   2.13   2.41   3.39   2.41   3.39   2.78   4.16   4.57
 0.00   0.00   1.08   2.38   3.36   1.38   2.14   2.76   3.84   2.39   3.64   4.06
 0.00   0.00   0.00   3.36   4.25   2.14   2.46   3.84   4.92   3.37   4.52   4.90
 0.00   0.00   0.00   0.00   1.08   2.76   3.84   1.38   2.14   2.39   3.64   4.04
 0.00   0.00   0.00   0.00   0.00   3.84   4.92   2.14   2.46   3.37   4.52   4.86
 0.00   0.00   0.00   0.00   0.00   0.00   1.08   2.39   3.37   1.38   2.38   2.82
 0.00   0.00   0.00   0.00   0.00   0.00   0.00   3.37   4.27   2.14   2.62   2.97
 0.00   0.00   0.00   0.00   0.00   0.00   0.00   0.00   1.08   1.38   2.38   2.79
 0.00   0.00   0.00   0.00   0.00   0.00   0.00   0.00   0.00   2.14   2.62   2.91
 0.00   0.00   0.00   0.00   0.00   0.00   0.00   0.00   0.00   0.00   1.38   1.92
 0.00   0.00   0.00   0.00   0.00   0.00   0.00   0.00   0.00   0.00   0.00   0.96
 0.00   0.00   0.00   0.00   0.00   0.00   0.00   0.00   0.00   0.00   0.00   0.00
 rms distances
 0.00   0.00   0.00   0.00   0.00   0.00   0.00   0.00   0.00   0.00   0.00   0.00
 0.00   0.00   0.00   0.00   0.00   0.00   0.00   0.00   0.00   0.00   0.00   0.14
 0.00   0.00   0.00   0.00   0.00   0.00   0.00   0.00   0.00   0.00   0.00   0.21
 0.00   0.00   0.00   0.00   0.00   0.00   0.00   0.00   0.00   0.00   0.00   0.14
 0.00   0.00   0.00   0.00   0.00   0.00   0.00   0.00   0.00   0.00   0.00   0.21
 0.00   0.00   0.00   0.00   0.00   0.00   0.00   0.00   0.00   0.00   0.00   0.21
 0.00   0.00   0.00   0.00   0.00   0.00   0.00   0.00   0.00   0.00   0.00   0.35
 0.00   0.00   0.00   0.00   0.00   0.00   0.00   0.00   0.00   0.00   0.00   0.21
 0.00   0.00   0.00   0.00   0.00   0.00   0.00   0.00   0.00   0.00   0.00   0.35
 0.00   0.00   0.00   0.00   0.00   0.00   0.00   0.00   0.00   0.00   0.00   0.00
 0.00   0.00   0.00   0.00   0.00   0.00   0.00   0.00   0.00   0.00   0.00   0.00
 0.00   0.00   0.00   0.00   0.00   0.00   0.00   0.00   0.00   0.00   0.00   0.00
 VAL-----------------------------------
 average distances
 0.00   1.08   1.54   2.14   2.52   2.99   2.93   3.02   2.52   2.97   2.97   3.00
 0.00   0.00   2.14   2.82   2.80   3.21   3.08   3.24   2.93   3.33   3.29   3.34
 0.00   0.00   0.00   1.08   1.52   2.14   2.14   2.14   1.52   2.14   2.14   2.14
 0.00   0.00   0.00   0.00   2.12   2.66   2.64   2.59   2.12   2.63   2.65   2.63
 0.00   0.00   0.00   0.00   0.00   1.08   1.08   1.08   2.50   2.98   2.96   2.96
 0.00   0.00   0.00   0.00   0.00   0.00   1.76   1.76   2.92   3.34   3.24   3.35
 0.00   0.00   0.00   0.00   0.00   0.00   0.00   1.76   3.00   3.36   3.46   3.40
 0.00   0.00   0.00   0.00   0.00   0.00   0.00   0.00   2.97   3.44   3.37   3.31
 0.00   0.00   0.00   0.00   0.00   0.00   0.00   0.00   0.00   1.08   1.08   1.08
 0.00   0.00   0.00   0.00   0.00   0.00   0.00   0.00   0.00   0.00   1.76   1.76
 0.00   0.00   0.00   0.00   0.00   0.00   0.00   0.00   0.00   0.00   0.00   1.76
 0.00   0.00   0.00   0.00   0.00   0.00   0.00   0.00   0.00   0.00   0.00   0.00
 rms distances
 0.00   0.00   0.01   0.01   0.02   0.36   0.34   0.33   0.01   0.34   0.38   0.33
 0.00   0.00   0.00   0.26   0.26   0.56   0.58   0.52   0.30   0.57   0.60   0.50
 0.00   0.00   0.00   0.00   0.01   0.01   0.01   0.01   0.00   0.00   0.01   0.00
 0.00   0.00   0.00   0.00   0.01   0.26   0.30   0.27   0.00   0.30   0.27   0.27
 0.00   0.00   0.00   0.00   0.00   0.00   0.00   0.00   0.01   0.33   0.34   0.37
 0.00   0.00   0.00   0.00   0.00   0.00   0.00   0.00   0.34   0.59   0.66   0.49
 0.00   0.00   0.00   0.00   0.00   0.00   0.00   0.00   0.32   0.57   0.50   0.60
 0.00   0.00   0.00   0.00   0.00   0.00   0.00   0.00   0.36   0.52   0.53   0.70
 0.00   0.00   0.00   0.00   0.00   0.00   0.00   0.00   0.00   0.00   0.00   0.00
 0.00   0.00   0.00   0.00   0.00   0.00   0.00   0.00   0.00   0.00   0.00   0.00
 0.00   0.00   0.00   0.00   0.00   0.00   0.00   0.00   0.00   0.00   0.00   0.00
 0.00   0.00   0.00   0.00   0.00   0.00   0.00   0.00   0.00   0.00   0.00   0.00
