 0.273325E-01  0.768749E+08  0.768906E+08
 0.299107E-01  0.742011E+08  0.742193E+08
 0.381612E-01  0.648138E+08  0.648398E+08
 0.464115E-01  0.547251E+08  0.547579E+08
 0.546620E-01  0.446383E+08  0.446759E+08
 0.629124E-01  0.351584E+08  0.351984E+08
 0.711628E-01  0.267366E+08  0.267766E+08
 0.794133E-01  0.196449E+08  0.196829E+08
 0.876636E-01  0.139790E+08  0.140134E+08
 0.959140E-01  0.968312E+07  0.971339E+07
 0.104164E+00  0.659321E+07  0.661908E+07
 0.112415E+00  0.448292E+07  0.450458E+07
 0.120665E+00  0.311011E+07  0.312789E+07
 0.128916E+00  0.225001E+07  0.226429E+07
 0.137166E+00  0.171879E+07  0.172989E+07
 0.145417E+00  0.138137E+07  0.138957E+07
 0.153667E+00  0.115000E+07  0.115555E+07
 0.161917E+00  0.974704E+06  0.977925E+06
 0.170167E+00  0.831543E+06  0.832833E+06
 0.178418E+00  0.711148E+06  0.710983E+06
 0.186669E+00  0.610221E+06  0.609127E+06
 0.194919E+00  0.526519E+06  0.525011E+06
 0.203170E+00  0.457023E+06  0.455534E+06
 0.211419E+00  0.398272E+06  0.397100E+06
 0.219670E+00  0.347315E+06  0.346611E+06
 0.227920E+00  0.302666E+06  0.302450E+06
 0.236171E+00  0.264346E+06  0.264557E+06
 0.244422E+00  0.233336E+06  0.233871E+06
 0.252672E+00  0.210578E+06  0.211323E+06
 0.260923E+00  0.196077E+06  0.196916E+06
 0.269172E+00  0.188489E+06  0.189308E+06
 0.277423E+00  0.185287E+06  0.185964E+06
 0.285674E+00  0.183451E+06  0.183868E+06
 0.293924E+00  0.180356E+06  0.180413E+06
 0.302174E+00  0.174543E+06  0.174185E+06
 0.310424E+00  0.166076E+06  0.165323E+06
 0.318675E+00  0.156396E+06  0.155350E+06
 0.326925E+00  0.147730E+06  0.146570E+06
 0.335176E+00  0.142267E+06  0.141218E+06
 0.343426E+00  0.141395E+06  0.140680E+06
 0.351677E+00  0.145218E+06  0.145001E+06
 0.359927E+00  0.152489E+06  0.152840E+06
 0.368177E+00  0.160975E+06  0.161846E+06
 0.376428E+00  0.168086E+06  0.169324E+06
 0.384678E+00  0.171588E+06  0.172975E+06
 0.392929E+00  0.170191E+06  0.171494E+06
 0.401179E+00  0.163837E+06  0.164861E+06
 0.409430E+00  0.153647E+06  0.154279E+06
 0.417680E+00  0.141571E+06  0.141796E+06
 0.425930E+00  0.129849E+06  0.129740E+06
 0.434181E+00  0.120468E+06  0.120153E+06
 0.442431E+00  0.114744E+06  0.114358E+06
 0.450681E+00  0.113106E+06  0.112751E+06
 0.458932E+00  0.115146E+06  0.114851E+06
 0.467183E+00  0.119844E+06  0.119555E+06
 0.475432E+00  0.125903E+06  0.125492E+06
 0.483683E+00  0.132092E+06  0.131383E+06
 0.491934E+00  0.137490E+06  0.136292E+06
 0.500184E+00  0.141609E+06  0.139750E+06
 0.508434E+00  0.144379E+06  0.141726E+06
 0.516684E+00  0.146036E+06  0.142498E+06
 0.524935E+00  0.146963E+06  0.142476E+06
 0.533185E+00  0.147539E+06  0.142049E+06
 0.541435E+00  0.148042E+06  0.141488E+06
 0.549686E+00  0.148612E+06  0.140921E+06
 0.557937E+00  0.149268E+06  0.140361E+06
 0.566188E+00  0.149964E+06  0.139767E+06
 0.574437E+00  0.150644E+06  0.139103E+06
 0.582688E+00  0.151284E+06  0.138374E+06
 0.590938E+00  0.151904E+06  0.137634E+06
 0.599189E+00  0.152551E+06  0.136964E+06
 0.607439E+00  0.153268E+06  0.136438E+06
 0.615690E+00  0.154058E+06  0.136083E+06
 0.623940E+00  0.154861E+06  0.135860E+06
 0.632190E+00  0.155546E+06  0.135658E+06
 0.640441E+00  0.155929E+06  0.135313E+06
 0.648691E+00  0.155803E+06  0.134632E+06
 0.656942E+00  0.154974E+06  0.133429E+06
 0.665191E+00  0.153303E+06  0.131564E+06
 0.673442E+00  0.150728E+06  0.128964E+06
 0.681693E+00  0.147280E+06  0.125644E+06
 0.689944E+00  0.143080E+06  0.121715E+06
 0.698194E+00  0.138325E+06  0.117367E+06
 0.706444E+00  0.133252E+06  0.112855E+06
 0.714695E+00  0.128113E+06  0.108456E+06
 0.722945E+00  0.123136E+06  0.104433E+06
 0.731195E+00  0.118500E+06  0.100995E+06
 0.739446E+00  0.114315E+06  0.982627E+05
 0.747696E+00  0.110621E+06  0.962517E+05
 0.755947E+00  0.107386E+06  0.948753E+05
 0.764196E+00  0.104532E+06  0.939662E+05
 0.772447E+00  0.101953E+06  0.933129E+05
