 0.273325E-01  0.100020E+01  0.000000E+00
 0.299107E-01  0.100025E+01  0.000000E+00
 0.381612E-01  0.100040E+01  0.000000E+00
 0.464115E-01  0.100060E+01  0.000000E+00
 0.546620E-01  0.100084E+01  0.000000E+00
 0.629124E-01  0.100114E+01  0.000000E+00
 0.711628E-01  0.100149E+01  0.000000E+00
 0.794133E-01  0.100193E+01  0.000000E+00
 0.876636E-01  0.100247E+01  0.000000E+00
 0.959140E-01  0.100313E+01  0.000000E+00
 0.104164E+00  0.100392E+01  0.000000E+00
 0.112415E+00  0.100483E+01  0.000000E+00
 0.120665E+00  0.100572E+01  0.000000E+00
 0.128916E+00  0.100635E+01  0.000000E+00
 0.137166E+00  0.100646E+01  0.000000E+00
 0.145417E+00  0.100593E+01  0.000000E+00
 0.153667E+00  0.100482E+01  0.000000E+00
 0.161917E+00  0.100330E+01  0.000000E+00
 0.170167E+00  0.100155E+01  0.000000E+00
 0.178418E+00  0.999768E+00  0.000000E+00
 0.186669E+00  0.998207E+00  0.000000E+00
 0.194919E+00  0.997135E+00  0.000000E+00
 0.203170E+00  0.996741E+00  0.000000E+00
 0.211419E+00  0.997059E+00  0.000000E+00
 0.219670E+00  0.997972E+00  0.000000E+00
 0.227920E+00  0.999288E+00  0.000000E+00
 0.236171E+00  0.100080E+01  0.000000E+00
 0.244422E+00  0.100229E+01  0.000000E+00
 0.252672E+00  0.100353E+01  0.000000E+00
 0.260923E+00  0.100428E+01  0.000000E+00
 0.269172E+00  0.100434E+01  0.000000E+00
 0.277423E+00  0.100365E+01  0.000000E+00
 0.285674E+00  0.100227E+01  0.000000E+00
 0.293924E+00  0.100031E+01  0.000000E+00
 0.302174E+00  0.997952E+00  0.000000E+00
 0.310424E+00  0.995462E+00  0.000000E+00
 0.318675E+00  0.993307E+00  0.000000E+00
 0.326925E+00  0.992146E+00  0.000000E+00
 0.335176E+00  0.992627E+00  0.000000E+00
 0.343426E+00  0.994937E+00  0.000000E+00
 0.351677E+00  0.998505E+00  0.000000E+00
 0.359927E+00  0.100230E+01  0.000000E+00
 0.368177E+00  0.100541E+01  0.000000E+00
 0.376428E+00  0.100737E+01  0.000000E+00
 0.384678E+00  0.100809E+01  0.000000E+00
 0.392929E+00  0.100765E+01  0.000000E+00
 0.401179E+00  0.100625E+01  0.000000E+00
 0.409430E+00  0.100411E+01  0.000000E+00
 0.417680E+00  0.100159E+01  0.000000E+00
 0.425930E+00  0.999161E+00  0.000000E+00
 0.434181E+00  0.997380E+00  0.000000E+00
 0.442431E+00  0.996641E+00  0.000000E+00
 0.450681E+00  0.996859E+00  0.000000E+00
 0.458932E+00  0.997436E+00  0.000000E+00
 0.467183E+00  0.997589E+00  0.000000E+00
 0.475432E+00  0.996736E+00  0.000000E+00
 0.483683E+00  0.994629E+00  0.000000E+00
 0.491934E+00  0.991283E+00  0.000000E+00
 0.500184E+00  0.986872E+00  0.000000E+00
 0.508434E+00  0.981628E+00  0.000000E+00
 0.516684E+00  0.975775E+00  0.000000E+00
 0.524935E+00  0.969470E+00  0.000000E+00
 0.533185E+00  0.962789E+00  0.000000E+00
 0.541435E+00  0.955728E+00  0.000000E+00
 0.549686E+00  0.948248E+00  0.000000E+00
 0.557937E+00  0.940328E+00  0.000000E+00
 0.566188E+00  0.932002E+00  0.000000E+00
 0.574437E+00  0.923386E+00  0.000000E+00
 0.582688E+00  0.914660E+00  0.000000E+00
 0.590938E+00  0.906058E+00  0.000000E+00
 0.599189E+00  0.897827E+00  0.000000E+00
 0.607439E+00  0.890193E+00  0.000000E+00
 0.615690E+00  0.883321E+00  0.000000E+00
 0.623940E+00  0.877303E+00  0.000000E+00
 0.632190E+00  0.872146E+00  0.000000E+00
 0.640441E+00  0.867789E+00  0.000000E+00
 0.648691E+00  0.864117E+00  0.000000E+00
 0.656942E+00  0.860977E+00  0.000000E+00
 0.665191E+00  0.858194E+00  0.000000E+00
 0.673442E+00  0.855605E+00  0.000000E+00
 0.681693E+00  0.853098E+00  0.000000E+00
 0.689944E+00  0.850672E+00  0.000000E+00
 0.698194E+00  0.848491E+00  0.000000E+00
 0.706444E+00  0.846928E+00  0.000000E+00
 0.714695E+00  0.846564E+00  0.000000E+00
 0.722945E+00  0.848114E+00  0.000000E+00
 0.731195E+00  0.852284E+00  0.000000E+00
 0.739446E+00  0.859576E+00  0.000000E+00
 0.747696E+00  0.870105E+00  0.000000E+00
 0.755947E+00  0.883500E+00  0.000000E+00
 0.764196E+00  0.898922E+00  0.000000E+00
 0.772447E+00  0.915250E+00  0.000000E+00
