 2.733250E-02    8.38807E-01  8.36700E-01  1.14922E-02  4.55272E+00
 2.991070E-02    8.08629E-01  8.07593E-01  3.80424E-03  4.55272E+00
 3.816120E-02    7.09722E-01  7.05397E-01  3.35061E-03  4.55272E+00
 4.641150E-02    6.05782E-01  5.95572E-01  2.93035E-03  4.55272E+00
 5.466200E-02    4.99959E-01  4.85776E-01  2.48777E-03  4.55272E+00
 6.291240E-02    3.95569E-01  3.82591E-01  1.98994E-03  4.55272E+00
 7.116280E-02    3.00436E-01  2.90932E-01  1.60277E-03  4.55272E+00
 7.941330E-02    2.21921E-01  2.13754E-01  1.28498E-03  4.55272E+00
 8.766360E-02    1.60624E-01  1.52098E-01  1.04530E-03  4.55272E+00
 9.591400E-02    1.14108E-01  1.05354E-01  8.70512E-04  4.55272E+00
 1.041640E-01    7.71596E-02  7.17324E-02  7.20532E-04  4.55272E+00
 1.124150E-01    5.27197E-02  4.87710E-02  6.38041E-04  4.55272E+00
 1.206650E-01    3.71380E-02  3.38321E-02  5.84720E-04  4.55272E+00
 1.289160E-01    2.66654E-02  2.44708E-02  5.47936E-04  4.55272E+00
 1.371660E-01    2.07600E-02  1.86874E-02  5.30151E-04  4.55272E+00
 1.454170E-01    1.63997E-02  1.50130E-02  5.16262E-04  4.55272E+00
 1.536670E-01    1.34684E-02  1.24931E-02  5.11467E-04  4.55272E+00
 1.619170E-01    1.07479E-02  1.05843E-02  5.00327E-04  4.55272E+00
 1.701670E-01    9.26105E-03  9.02615E-03  4.92958E-04  4.55272E+00
 1.784180E-01    9.28286E-03  7.71639E-03  4.92871E-04  4.55272E+00
 1.866690E-01    7.62377E-03  6.61881E-03  4.79346E-04  4.55272E+00
 1.949190E-01    5.95061E-03  5.70872E-03  4.83000E-04  4.55272E+00
 2.031700E-01    5.14387E-03  4.95324E-03  4.80593E-04  4.55272E+00
 2.114190E-01    4.64980E-03  4.31489E-03  4.77903E-04  4.55272E+00
 2.196700E-01    4.27001E-03  3.76174E-03  4.80291E-04  4.55272E+00
