 2.733250E-02    1.00027E+00
 2.991070E-02    1.00032E+00
 3.816120E-02    1.00052E+00
 4.641150E-02    1.00077E+00
 5.466200E-02    1.00107E+00
 6.291240E-02    1.00143E+00
 7.116280E-02    1.00185E+00
 7.941330E-02    1.00235E+00
 8.766360E-02    1.00294E+00
 9.591400E-02    1.00365E+00
 1.041640E-01    1.00451E+00
 1.124150E-01    1.00548E+00
 1.206650E-01    1.00650E+00
 1.289160E-01    1.00736E+00
 1.371660E-01    1.00781E+00
 1.454170E-01    1.00770E+00
 1.536670E-01    1.00704E+00
 1.619170E-01    1.00596E+00
 1.701670E-01    1.00462E+00
 1.784180E-01    1.00323E+00
 1.866690E-01    1.00206E+00
 1.949190E-01    1.00140E+00
 2.031700E-01    1.00144E+00
 2.114190E-01    1.00217E+00
 2.196700E-01    1.00342E+00
 2.279200E-01    1.00491E+00
 2.361710E-01    1.00632E+00
 2.444220E-01    1.00737E+00
 2.526720E-01    1.00785E+00
 2.609230E-01    1.00769E+00
 2.691720E-01    1.00695E+00
 2.774230E-01    1.00578E+00
 2.856740E-01    1.00430E+00
 2.939240E-01    1.00256E+00
 3.021740E-01    1.00061E+00
 3.104240E-01    9.98598E-01
 3.186750E-01    9.96857E-01
 3.269250E-01    9.95964E-01
 3.351760E-01    9.96544E-01
 3.434260E-01    9.98858E-01
 3.516770E-01    1.00248E+00
 3.599270E-01    1.00650E+00
 3.681770E-01    1.01007E+00
 3.764280E-01    1.01270E+00
 3.846780E-01    1.01426E+00
 3.929290E-01    1.01478E+00
 4.011790E-01    1.01438E+00
 4.094300E-01    1.01321E+00
 4.176800E-01    1.01149E+00
 4.259300E-01    1.00953E+00
 4.341810E-01    1.00773E+00
 4.424310E-01    1.00642E+00
 4.506810E-01    1.00567E+00
 4.589320E-01    1.00514E+00
 4.671830E-01    1.00432E+00
 4.754320E-01    1.00278E+00
 4.836830E-01    1.00027E+00
 4.919340E-01    9.96738E-01
 5.001840E-01    9.92265E-01
 5.084340E-01    9.86999E-01
 5.166840E-01    9.81095E-01
 5.249350E-01    9.74652E-01
 5.331850E-01    9.67706E-01
 5.414350E-01    9.60236E-01
 5.496860E-01    9.52211E-01
 5.579370E-01    9.43642E-01
 5.661880E-01    9.34610E-01
 5.744370E-01    9.25279E-01
 5.826880E-01    9.15878E-01
 5.909380E-01    9.06683E-01
 5.991890E-01    8.97973E-01
 6.074390E-01    8.89997E-01
 6.156900E-01    8.82939E-01
 6.239400E-01    8.76894E-01
 6.321900E-01    8.71865E-01
 6.404410E-01    8.67769E-01
 6.486910E-01    8.64456E-01
 6.569420E-01    8.61719E-01
 6.651910E-01    8.59321E-01
 6.734420E-01    8.57026E-01
 6.816930E-01    8.54653E-01
 6.899440E-01    8.52141E-01
 6.981940E-01    8.49620E-01
 7.064440E-01    8.47455E-01
 7.146950E-01    8.46255E-01
 7.229450E-01    8.46795E-01
 7.311950E-01    8.49869E-01
 7.394460E-01    8.56079E-01
 7.476960E-01    8.65626E-01
 7.559470E-01    8.78205E-01
 7.641960E-01    8.93012E-01
 7.724470E-01    9.08927E-01
